  用于 x86 的 Microsoft (R) C/C++ 优化编译器 19.16.27034 版
  版权所有(C) Microsoft Corporation。保留所有权利。
  
  cl /c /ZI /JMC /W3 /WX- /diagnostics:classic /sdl /Od /Oy- /D _MBCS /Gm- /EHsc /RTC1 /MDd /GS /fp:precise /permissive- /Zc:wchar_t /Zc:forScope /Zc:inline /Fo"Debug\\" /Fd"Debug\vc141.pdb" /Gd /TP /analyze- /FC /errorReport:prompt UseOfInheritance.cpp UseOfNonVirtualFunction.cpp UseOfVirtualDefaultParam.cpp
  
  UseOfInheritance.cpp
  UseOfNonVirtualFunction.cpp
  UseOfVirtualDefaultParam.cpp
  正在生成代码...
  Microsoft (R) Incremental Linker Version 14.16.27034.0
  Copyright (C) Microsoft Corporation.  All rights reserved.
  
  "/OUT:E:\NJU的各种\NJU\C++ programming language\codeExample\ImplementationOfPowerPointCode\Debug\BasicGrammer.exe" /INCREMENTAL kernel32.lib user32.lib gdi32.lib winspool.lib comdlg32.lib advapi32.lib shell32.lib ole32.lib oleaut32.lib uuid.lib odbc32.lib odbccp32.lib /MANIFEST "/MANIFESTUAC:level='asInvoker' uiAccess='false'" /manifest:embed /DEBUG:FASTLINK "/PDB:E:\NJU的各种\NJU\C++ programming language\codeExample\ImplementationOfPowerPointCode\Debug\BasicGrammer.pdb" /SUBSYSTEM:CONSOLE /TLBID:1 /DYNAMICBASE /NXCOMPAT "/IMPLIB:E:\NJU的各种\NJU\C++ programming language\codeExample\ImplementationOfPowerPointCode\Debug\BasicGrammer.lib" /MACHINE:X86 Debug\UseOfConst.obj 
  Debug\UseOfConstructor.obj 
  Debug\UseOfCopyConstructor.obj 
  Debug\UseOfDestructor.obj 
  Debug\UseOfGetter.obj 
  Debug\UseOfInheritance.obj 
  Debug\UseOfMoveConstructor.obj 
  Debug\UseOfNewAndDelete.obj 
  Debug\UseOfNonVirtualFunction.obj 
  Debug\UseOfOverride.obj 
  Debug\UseOfStatic.obj 
  Debug\UseOfVirtualCompatibility.obj 
  Debug\UseOfVirtualDefaultParam.obj 
  Debug\UseOfVirtualTableAndVirtualCall.obj 
  ImplementationOfPowerPointCode.vcxproj -> E:\NJU的各种\NJU\C++ programming language\codeExample\ImplementationOfPowerPointCode\Debug\BasicGrammer.exe
