  用于 x86 的 Microsoft (R) C/C++ 优化编译器 19.16.27034 版
  版权所有(C) Microsoft Corporation。保留所有权利。
  
  cl /c /ZI /JMC /W3 /WX- /diagnostics:classic /sdl /Od /Oy- /D _MBCS /Gm- /EHsc /RTC1 /MDd /GS /fp:precise /permissive- /Zc:wchar_t /Zc:forScope /Zc:inline /Fo"Debug\\" /Fd"Debug\vc141.pdb" /Gd /TP /analyze- /FC /errorReport:prompt test.cpp "文版排版的输入.cpp"
  
  test.cpp
  文版排版的输入.cpp
e:\nju的各种\nju\c++ programming language\codeexample\implementationofpowerpointcode\io_problems\文版排版的输入.cpp(42): warning C4018: “<”: 有符号/无符号不匹配
  正在生成代码...
  Microsoft (R) Incremental Linker Version 14.16.27034.0
  Copyright (C) Microsoft Corporation.  All rights reserved.
  
  "/OUT:E:\NJU的各种\NJU\C++ programming language\codeExample\ImplementationOfPowerPointCode\Debug\IO_problems.exe" /INCREMENTAL kernel32.lib user32.lib gdi32.lib winspool.lib comdlg32.lib advapi32.lib shell32.lib ole32.lib oleaut32.lib uuid.lib odbc32.lib odbccp32.lib /MANIFEST "/MANIFESTUAC:level='asInvoker' uiAccess='false'" /manifest:embed /DEBUG:FASTLINK "/PDB:E:\NJU的各种\NJU\C++ programming language\codeExample\ImplementationOfPowerPointCode\Debug\IO_problems.pdb" /SUBSYSTEM:CONSOLE /TLBID:1 /DYNAMICBASE /NXCOMPAT "/IMPLIB:E:\NJU的各种\NJU\C++ programming language\codeExample\ImplementationOfPowerPointCode\Debug\IO_problems.lib" /MACHINE:X86 "Debug\(33,44).obj" 
  "Debug\1 2 3 5.obj" 
  Debug\commandInterpret.obj 
  Debug\OutputToFile.obj 
  Debug\ScheduleProblem.obj 
  Debug\strtok_s.obj 
  Debug\test.obj 
  Debug\VectorDelete.obj 
  Debug\Weapons.obj 
  "Debug\[1,2,3].obj" 
  "Debug\文版排版的输入.obj" 
  "Debug\输入输出流重载.obj" 
  IO_problems.vcxproj -> E:\NJU的各种\NJU\C++ programming language\codeExample\ImplementationOfPowerPointCode\Debug\IO_problems.exe
